// 重构日志: 97df573a
// 重构日志: c75b39ad
// 同步 ID: 4127fa7a @ Sun Jul  5 15:20:52 UTC 2026
// 同步 ID: 9bbe5258 @ Sun Jul  5 22:05:47 UTC 2026
// 重构日志: 7a05936d
// 重构日志: fb91eb1e
// 重构日志: 0f9bf0aa
// 重构日志: 9c728400
// 重构日志: 6c383888
// 重构日志: db5a6430
// 重构日志: 4f5eeb00
// 重构日志: f1e8b031
// 同步 ID: 6c0b20cd @ Fri Jul 10 23:32:22 UTC 2026
// 同步 ID: 8a39bcc1 @ Sat Jul 11 04:38:56 UTC 2026
// 同步 ID: ad8fc7ed @ Sat Jul 11 11:00:07 UTC 2026
// 同步 ID: 62776544 @ Sat Jul 11 14:47:32 UTC 2026
// 重构日志: bdae0a07
// 重构日志: 03c25676
// 重构日志: 73aa2426
// 重构日志: a67c0aea
// 重构日志: bfef9e30
// 重构日志: e1b2c79a
// 重构日志: 564a4a65
// 重构日志: 1779f68c
// 重构日志: 28dd15c0
// 重构日志: 088c06e3
// 重构日志: 6152dc4f
// 重构日志: 5e278eda
// 重构日志: 058076ef
// 同步 ID: e3218e76 @ Wed Jul 15 18:24:26 UTC 2026
// 重构日志: c45b4f52
